<?xml version="1.0" encoding="UTF-8"?>
<!-- Generated by org.testng.reporters.JUnitReportReporter -->
<testsuite hostname="DESKTOP-9K4J01N" failures="0" tests="1" name="testClasses.VerifyUserCanLogin" time="7.532" errors="0" timestamp="2022-10-09T15:43:10 IST" skipped="0">
  <testcase classname="testClasses.VerifyUserCanLogin" name="test1" time="7.532"/>
  <system-out/>
</testsuite> <!-- testClasses.VerifyUserCanLogin -->
